This is e-pTeX, Version 3.1415926-p3.3-110825-2.5 (sjis) (TeX Live 2012/W32TeX) (format=platex 2012.8.4)  22 NOV 2012 09:45
entering extended mode
 restricted \write18 enabled.
 %&-line parsing enabled.
**Neural_network.tex
(./Neural_network.tex
pLaTeX2e <2006/11/10>+0 (based on LaTeX2e <2011/06/27> patch level 0)
Babel <v3.8m> and hyphenation patterns for english, german-x-2012-05-30, ngerma
n-x-2012-05-30, afrikaans, ancientgreek, ibycus, arabic, armenian, basque, bulg
arian, catalan, pinyin, coptic, croatian, czech, danish, dutch, ukenglish, usen
glishmax, esperanto, estonian, ethiopic, farsi, finnish, french, friulan, galic
ian, german, ngerman, swissgerman, monogreek, greek, hungarian, icelandic, assa
mese, bengali, gujarati, hindi, kannada, malayalam, marathi, oriya, panjabi, ta
mil, telugu, indonesian, interlingua, irish, italian, kurmanji, latin, latvian,
 lithuanian, mongolian, mongolianlmc, bokmal, nynorsk, polish, portuguese, roma
nian, romansh, russian, sanskrit, serbian, serbianc, slovak, slovenian, spanish
, swedish, turkish, turkmen, ukrainian, uppersorbian, welsh, dumylang, nohyphen
ation, loaded.
(c:/w32tex/share/texmf/tex/platex/base/jarticle.cls
Document Class: jarticle 2006/06/27 v1.6 Standard pLaTeX class
\c@@paper=\count81
(c:/w32tex/share/texmf/tex/platex/base/jsize10.clo
File: jsize10.clo 2006/06/27 v1.6 Standard pLaTeX file (size option)
)
\c@part=\count82
\c@section=\count83
\c@subsection=\count84
\c@subsubsection=\count85
\c@paragraph=\count86
\c@subparagraph=\count87
\c@figure=\count88
\c@table=\count89
\abovecaptionskip=\skip41
\belowcaptionskip=\skip42
\symmincho=\mathgroup4
LaTeX Font Info:    Overwriting symbol font `mincho' in version `bold'
(Font)                  JY1/mc/m/n --> JY1/gt/m/n on input line 601.
\toclineskip=\dimen118
\@lnumwidth=\dimen119
\bibindent=\dimen120
\heisei=\count90
)

LaTeX Warning: You have requested, on input line 1, version
               `2012/05/15' of document class jarticle,
               but only version
               `2006/06/27 v1.6 Standard pLaTeX class'
               is available.

(c:/w32tex/share/texmf/tex/latex/graphics/graphicx.sty
Package: graphicx 1999/02/16 v1.0f Enhanced LaTeX Graphics (DPC,SPQR)

(c:/w32tex/share/texmf/tex/latex/graphics/keyval.sty
Package: keyval 1999/03/16 v1.13 key=value parser (DPC)
\KV@toks@=\toks15
)
(c:/w32tex/share/texmf/tex/latex/graphics/graphics.sty
Package: graphics 2009/02/05 v1.0o Standard LaTeX Graphics (DPC,SPQR)

(c:/w32tex/share/texmf/tex/latex/graphics/trig.sty
Package: trig 1999/03/16 v1.09 sin cos tan (DPC)
)
(c:/w32tex/share/texmf/tex/latex/config/graphics.cfg
File: graphics.cfg 2010/04/23 v1.9 graphics configuration of TeX Live
)
Package graphics Info: Driver file: dvips.def on input line 91.

(c:/w32tex/share/texmf/tex/latex/graphics/dvips.def
File: dvips.def 1999/02/16 v3.0i Driver-dependant file (DPC,SPQR)
))
\Gin@req@height=\dimen121
\Gin@req@width=\dimen122
)
No file Neural_network.aux.
\openout1 = `Neural_network.aux'.

LaTeX Font Info:    Checking defaults for OML/cmm/m/it on input line 3.
LaTeX Font Info:    ... okay on input line 3.
LaTeX Font Info:    Checking defaults for T1/cmr/m/n on input line 3.
LaTeX Font Info:    ... okay on input line 3.
LaTeX Font Info:    Checking defaults for OT1/cmr/m/n on input line 3.
LaTeX Font Info:    ... okay on input line 3.
LaTeX Font Info:    Checking defaults for OMS/cmsy/m/n on input line 3.
LaTeX Font Info:    ... okay on input line 3.
LaTeX Font Info:    Checking defaults for OMX/cmex/m/n on input line 3.
LaTeX Font Info:    ... okay on input line 3.
LaTeX Font Info:    Checking defaults for U/cmr/m/n on input line 3.
LaTeX Font Info:    ... okay on input line 3.
LaTeX Font Info:    Checking defaults for JY1/mc/m/n on input line 3.
LaTeX Font Info:    ... okay on input line 3.
LaTeX Font Info:    Checking defaults for JT1/mc/m/n on input line 3.
LaTeX Font Info:    ... okay on input line 3.
LaTeX Font Info:    Font shape `JT1/mc/bx/n' in size <14.4> not available
(Font)              Font shape `JT1/gt/m/n' tried instead on input line 9.
LaTeX Font Info:    Font shape `JY1/mc/bx/n' in size <14.4> not available
(Font)              Font shape `JY1/gt/m/n' tried instead on input line 9.
LaTeX Font Info:    Font shape `JT1/mc/bx/n' in size <12> not available
(Font)              Font shape `JT1/gt/m/n' tried instead on input line 14.
LaTeX Font Info:    Font shape `JY1/mc/bx/n' in size <12> not available
(Font)              Font shape `JY1/gt/m/n' tried instead on input line 14.
LaTeX Font Info:    External font `cmex10' loaded for size
(Font)              <7> on input line 18.
LaTeX Font Info:    External font `cmex10' loaded for size
(Font)              <5> on input line 18.
[1

]
LaTeX Font Info:    Font shape `JT1/mc/bx/n' in size <10> not available
(Font)              Font shape `JT1/gt/m/n' tried instead on input line 54.
LaTeX Font Info:    Font shape `JY1/mc/bx/n' in size <10> not available
(Font)              Font shape `JY1/gt/m/n' tried instead on input line 54.


LaTeX Warning: Reference `dk' on page 2 undefined on input line 54.

[2]

LaTeX Warning: Reference `datafiles' on page 3 undefined on input line 68.


Overfull \hbox (4.68938pt too wide) in paragraph at lines 72--85
 [] 
 []

[3]

LaTeX Warning: Reference `zi_ga_11' on page 4 undefined on input line 94.


Overfull \hbox (21.66493pt too wide) in paragraph at lines 98--103
 [] 
 []


LaTeX Warning: Reference `zi_nn_11' on page 4 undefined on input line 105.


LaTeX Warning: Reference `zi_ke_11' on page 4 undefined on input line 126.


Overfull \hbox (26.43306pt too wide) in paragraph at lines 129--135
 [] 
 []

[4]

LaTeX Warning: Reference `zi_ga_12' on page 5 undefined on input line 140.


Overfull \hbox (21.66493pt too wide) in paragraph at lines 144--149
 [] 
 []


LaTeX Warning: Reference `zi_ke_12' on page 5 undefined on input line 151.


Overfull \hbox (26.43306pt too wide) in paragraph at lines 154--160
 [] 
 []

[5]

LaTeX Warning: Reference `zi_ga_2' on page 6 undefined on input line 165.


Overfull \hbox (37.60402pt too wide) in paragraph at lines 169--174
 [] 
 []


LaTeX Warning: Reference `zi_nn_2' on page 6 undefined on input line 176.


LaTeX Warning: Reference `zi_ke_2' on page 6 undefined on input line 197.


Overfull \hbox (26.43306pt too wide) in paragraph at lines 200--206
 [] 
 []

[6]

LaTeX Warning: Reference `zi_ga_3' on page 7 undefined on input line 211.


Overfull \hbox (21.66493pt too wide) in paragraph at lines 215--220
 [] 
 []


LaTeX Warning: Reference `zi_ke_3' on page 7 undefined on input line 222.


Overfull \hbox (26.43306pt too wide) in paragraph at lines 225--231
 [] 
 []

[7]

LaTeX Warning: Reference `zi_ga_4' on page 8 undefined on input line 236.


Overfull \hbox (26.83818pt too wide) in paragraph at lines 240--245
 [] 
 []


LaTeX Warning: Reference `zi_ke_4' on page 8 undefined on input line 247.

File: 2dfeature1.eps Graphic file (type eps)
<2dfeature1.eps> [8]

LaTeX Warning: Reference `zi_ga_5' on page 9 undefined on input line 255.


Overfull \hbox (26.83818pt too wide) in paragraph at lines 259--264
 [] 
 []


LaTeX Warning: Reference `zi_ke_5' on page 9 undefined on input line 266.

File: 2dfeature2.eps Graphic file (type eps)
<2dfeature2.eps> [9]

LaTeX Warning: Reference `zi_ga_6' on page 10 undefined on input line 274.


Overfull \hbox (21.66493pt too wide) in paragraph at lines 278--283
 [] 
 []


LaTeX Warning: Reference `zi_ke_6_1' on page 10 undefined on input line 285.


LaTeX Warning: Reference `zi_ke_6_2' on page 10 undefined on input line 285.

[10]

LaTeX Warning: Reference `zi_ga_7' on page 11 undefined on input line 312.


Overfull \hbox (21.66493pt too wide) in paragraph at lines 316--321
 [] 
 []


LaTeX Warning: Reference `zi_ke_7_1' on page 11 undefined on input line 323.


LaTeX Warning: Reference `zi_ke_7_2' on page 11 undefined on input line 335.

[11] [12] (./Neural_network.aux)

LaTeX Warning: There were undefined references.


LaTeX Warning: Label(s) may have changed. Rerun to get cross-references right.

 ) 
Here is how much of TeX's memory you used:
 604 strings out of 494055
 6944 string characters out of 3159354
 67464 words of memory out of 3000000
 4093 multiletter control sequences out of 15000+200000
 9955 words of font info for 40 fonts, out of 3000000 for 9000
 745 hyphenation exceptions out of 8191
 25i,12n,21p,444b,282s stack positions out of 5000i,500n,10000p,500000b,50000s

Output written on Neural_network.dvi (12 pages, 33008 bytes).
